<?xml version="1.0" encoding="UTF-8"?>
<testng-results skipped="0" failed="0" ignored="0" total="1" passed="1">
  <reporter-output>
  </reporter-output>
  <suite name="Command line suite" duration-ms="10" started-at="2017-03-24T16:51:12Z" finished-at="2017-03-24T16:51:12Z">
    <groups>
    </groups>
    <test name="Command line test" duration-ms="10" started-at="2017-03-24T16:51:12Z" finished-at="2017-03-24T16:51:12Z">
      <class name="com.JETBRAINS.AppTest">
        <test-method status="PASS" signature="testApp()[pri:0, instance:testApp(com.JETBRAINS.AppTest)]" name="testApp" duration-ms="1" started-at="2017-03-24T22:21:12Z" finished-at="2017-03-24T22:21:12Z">
          <reporter-output>
          </reporter-output>
        </test-method> <!-- testApp -->
      </class> <!-- com.JETBRAINS.AppTest -->
    </test> <!-- Command line test -->
  </suite> <!-- Command line suite -->
</testng-results>
