<?xml version="1.0" encoding="UTF-8"?>
<!-- Generated by org.testng.reporters.JUnitXMLReporter -->
<testsuite hostname="Gimhana-PC" ignored="0" name="Command line test" tests="3" failures="0" timestamp="24 Mar 2017 16:51:12 GMT" time="0.044" errors="0">
  <testcase name="testTestAreaCircle" time="0.015" classname="com.JETBRAINS.AreaCalculatorTest"/>
  <testcase name="testTestAreaRectangle" time="0.0" classname="com.JETBRAINS.AreaCalculatorTest"/>
  <testcase name="testTestAreaTriangle" time="0.0" classname="com.JETBRAINS.AreaCalculatorTest"/>
</testsuite> <!-- Command line test -->
